
Version:                Openlink BIBM Test Driver 0.7.7
Start date:             Wed Jan 02 15:18:06 CET 2013
Scale factor:           1499.8630742979924
Explore Endpoint:       http://localhost:8892/sparql
Update Endpoint:        http://localhost:8892/sparql
Use case:               /export/scratch2/duc/work/SIB/workspace/bibmSVN/bibm-code/bibm/./bsbm/bi
Drilldown:              on
Number of warmup runs:  0
Number of clients:      4
Seed:                   8188326
Number of query mix runs (without warmups): 0 times
min/max Querymix runtime:	179769313486231570000000000000000000000000000000000000000000000000000000000000000000000000000000000000000000000000000000000000000000000000000000000000000000000000000000000000000000000000000000000000000000000000000000000000000000000000000000000000000000000000000000000000000000000000000000000000000000000000000.0000s / 0.0000s
Elapsed runtime:        0.028 seconds
Total runtime (sum):    0.000 seconds
QMpH:                   0.000 query mixes per hour
CQET:                   NaN seconds average runtime of query mix
CQET (geom.):           NaN seconds geometric mean runtime of query mix
AQET (geom.):           NaN seconds geometric mean runtime of query
TPC-H Throughput:       0.000 qph*scale
TPC-H Power:            NaN qph*scale (geom)
+++%3Freview+dc%3Adate+%3Fdate+.%0A++++++++Filter%28%3Fdate+%3E%3D+%222007-08-23%22%5E%5E%3Chttp%3A%2F%2Fwww.w3.org%2F2001%2FXMLSchema%23date%3E+%26%26+%3Fdate+%3C+%222007-09-20%22%5E%5E%3Chttp%3A%2F%2Fwww.w3.org%2F2001%2FXMLSchema%23date%3E%29+%23%0A++++++%7D%0A++++++Group+By+%3Fproduct%0A++++++Having+%28count%28%3Freview%29%3E0%29%0A++++%7D%0A++%7D%0A++Order+By+desc%28xsd%3Afloat%28%3FmonthCount%29+%2F+%3FmonthBeforeCount%29+%3Fproduct%0A++Limit+10%0A
Connection refused
Could not connect to SPARQL Service: http://localhost:8892/sparql?query=++prefix+bsbm%3A%0A%3Chttp%3A%2F%2Fwww4.wiwiss.fu-berlin.de%2Fbizer%2Fbsbm%2Fv01%2Fvocabulary%2F%3E%0A+prefix+bsbm-inst%3A%0A%3Chttp%3A%2F%2Fwww4.wiwiss.fu-berlin.de%2Fbizer%2Fbsbm%2Fv01%2Finstances%2F%3E%0A+prefix+rev%3A+%3Chttp%3A%2F%2Fpurl.org%2Fstuff%2Frev%23%3E%0A+prefix+xsd%3A+%3Chttp%3A%2F%2Fwww.w3.org%2F2001%2FXMLSchema%23%3E%0A%0A+Select+%3Fcountry+%3Fproduct+%3FnrOfReviews+%3FavgPrice%0A+%7B%0A+++%7B+Select+%3Fcountry+%28max%28%3FnrOfReviews%29+As+%3FmaxReviews%29%0A+++++%7B%0A+++++++%7B+Select+%3Fcountry+%3Fproduct+%28count%28%3Freview%29+As+%3FnrOfReviews%29%0A+++++++++%7B%0A+++++++++++%3Fproduct+a+%3Chttp%3A%2F%2Fwww4.wiwiss.fu-berlin.de%2Fbizer%2Fbsbm%2Fv01%2Finstances%2FProductType4%3E+.%0A+++++++++++%3Freview+bsbm%3AreviewFor+%3Fproduct+%3B%0A+++++++++++++++++++rev%3Areviewer+%3Freviewer+.%0A+++++++++++%3Freviewer+bsbm%3Acountry+%3Fcountry+.%0A+++++++++%7D%0A+++++++++Group+By+%3Fcountry+%3Fproduct%0A+++++++%7D%0A+++++%7D%0A+++++Group+By+%3Fcountry%0A+++%7D%0A+++%7B+Select+%3Fproduct+%28avg%28%3Fprice%29+As+%3FavgPrice%29%0A+++++%7B%0A+++++++%3Fproduct+a+%3Chttp%3A%2F%2Fwww4.wiwiss.fu-berlin.de%2Fbizer%2Fbsbm%2Fv01%2Finstances%2FProductType4%3E+.%0A+++++++%3Foffer+bsbm%3Aproduct+%3Fproduct+.%0A+++++++%3Foffer+bsbm%3Aprice+%3Fprice+.%0A+++++%7D%0A+++++Group+By+%3Fproduct%0A+++%7D%0A+++%7B+Select+%3Fcountry+%3Fproduct+%28count%28%3Freview%29+As+%3FnrOfReviews%29%0A+++++%7B%0A+++++++%3Fproduct+a+%3Chttp%3A%2F%2Fwww4.wiwiss.fu-berlin.de%2Fbizer%2Fbsbm%2Fv01%2Finstances%2FProductType4%3E+.%0A+++++++%3Freview+bsbm%3AreviewFor+%3Fproduct+.%0A+++++++%3Freview+rev%3Areviewer+%3Freviewer+.%0A+++++++%3Freviewer+bsbm%3Acountry+%3Fcountry+.%0A+++++%7D%0A+++++Group+By+%3Fcountry+%3Fproduct%0A+++%7D%0A+++FILTER%28%3FnrOfReviews%3D%3FmaxReviews%29%0A+%7D%0A+Order+By+desc%28%3FnrOfReviews%29+%3Fcountry+%3Fproduct%0A%0A
Connection refused
Could not connect to SPARQL Service: http://localhost:8892/sparql?query=++prefix+bsbm%3A+%3Chttp%3A%2F%2Fwww4.wiwiss.fu-berlin.de%2Fbizer%2Fbsbm%2Fv01%2Fvocabulary%2F%3E%0A++prefix+bsbm-inst%3A+%3Chttp%3A%2F%2Fwww4.wiwiss.fu-berlin.de%2Fbizer%2Fbsbm%2Fv01%2Finstances%2F%3E%0A++prefix+rev%3A+%3Chttp%3A%2F%2Fpurl.org%2Fstuff%2Frev%23%3E%0A++prefix+xsd%3A+%3Chttp%3A%2F%2Fwww.w3.org%2F2001%2FXMLSchema%23%3E%0A%0A++Select+%3Freviewer+%28avg%28xsd%3Afloat%28%3Fscore%29%29+As+%3FreviewerAvgScore%29%0A++%7B%0A++++%7B+Select+%28avg%28xsd%3Afloat%28%3Fscore%29%29+As+%3FavgScore%29%0A++++++%7B%0A++++++++%3Fproduct+bsbm%3Aproducer+%3Chttp%3A%2F%2Fwww4.wiwiss.fu-berlin.de%2Fbizer%2Fbsbm%2Fv01%2Finstances%2FdataFromProducer4179489%2FProducer4179489%3E+.%0A++++++++%3Freview+bsbm%3AreviewFor+%3Fproduct+.%0A++++++++%7B+%3Freview+bsbm%3Arating1+%3Fscore+.+%7D+UNION%0A++++++++%7B+%3Freview+bsbm%3Arating2+%3Fscore+.+%7D+UNION%0A++++++++%7B+%3Freview+bsbm%3Arating3+%3Fscore+.+%7D+UNION%0A++++++++%7B+%3Freview+bsbm%3Arating4+%3Fscore+.+%7D%0A++++++%7D%0A++++%7D%0A++++%3Fproduct+bsbm%3Aproducer+%3Chttp%3A%2F%2Fwww4.wiwiss.fu-berlin.de%2Fbizer%2Fbsbm%2Fv01%2Finstances%2FdataFromProducer4179489%2FProducer4179489%3E+.%0A++++%3Freview+bsbm%3AreviewFor+%3Fproduct+.%0A++++%3Freview+rev%3Areviewer+%3Freviewer+.%0A++++%7B+%3Freview+bsbm%3Arating1+%3Fscore+.+%7D+UNION%0A++++%7B+%3Freview+bsbm%3Arating2+%3Fscore+.+%7D+UNION%0A++++%7B+%3Freview+bsbm%3Arating3+%3Fscore+.+%7D+UNION%0A++++%7B+%3Freview+bsbm%3Arating4+%3Fscore+.+%7D%0A++%7D%0A++Group+By+%3Freviewer%0A++Having+%28avg%28xsd%3Afloat%28%3Fscore%29%29+%3E+min%28%3FavgScore%29+*+1.5%29%0A
Connection refused
Could not connect to SPARQL Service: http://localhost:8892/sparql?query=++prefix+bsbm%3A+%3Chttp%3A%2F%2Fwww4.wiwiss.fu-berlin.de%2Fbizer%2Fbsbm%2Fv01%2Fvocabulary%2F%3E%0A++prefix+bsbm-inst%3A+%3Chttp%3A%2F%2Fwww4.wiwiss.fu-berlin.de%2Fbizer%2Fbsbm%2Fv01%2Finstances%2F%3E%0A++prefix+xsd%3A+%3Chttp%3A%2F%2Fwww.w3.org%2F2001%2FXMLSchema%23%3E%0A%0A++Select+%3Fvendor+%28xsd%3Afloat%28%3FbelowAvg%29%2F%3FofferCount+As+%3FcheapExpensiveRatio%29%0A++%7B%0A++++%7B+Select+%3Fvendor+%28count%28%3Foffer%29+As+%3FbelowAvg%29%0A++++++%7B%0A++++++++%7B+%3Fproduct+a+%3Chttp%3A%2F%2Fwww4.wiwiss.fu-berlin.de%2Fbizer%2Fbsbm%2Fv01%2Finstances%2FProductType13%3E+.%0A++++++++++%3Foffer+bsbm%3Aproduct+%3Fproduct+.%0A++++++++++%3Foffer+bsbm%3Avendor+%3Fvendor+.%0A++++++++++%3Foffer+bsbm%3Aprice+%3Fprice+.%0A++++++++++%7B+Select+%3Fproduct+%28avg%28%3Fprice%29+As+%3FavgPrice%29%0A++++++++++++%7B%0A++++++++++++++%3Fproduct+a+%3Chttp%3A%2F%2Fwww4.wiwiss.fu-berlin.de%2Fbizer%2Fbsbm%2Fv01%2Finstances%2FProductType13%3E+.%0A++++++++++++++%3Foffer+bsbm%3Aproduct+%3Fproduct+.%0A++++++++++++++%3Foffer+bsbm%3Aprice+%3Fprice+.%0A++++++++++++%7D%0A++++++++++++Group+By+%3Fproduct%0A++++++++++%7D%0A++++++++%7D+.%0A++++++++FILTER+%28%3Fprice+%3C+%3FavgPrice%29%0A++++++%7D%0A++++++Group+By+%3Fvendor%0A++++%7D%0A++++%7B+Select+%3Fvendor+%28count%28%3Foffer%29+As+%3FofferCount%29%0A++++++%7B%0A++++++++%3Fproduct+a+%3Chttp%3A%2F%2Fwww4.wiwiss.fu-berlin.de%2Fbizer%2Fbsbm%2Fv01%2Finstances%2FProductType13%3E+.%0A++++++++%3Foffer+bsbm%3Aproduct+%3Fproduct+.%0A++++++++%3Foffer+bsbm%3Avendor+%3Fvendor+.%0A++++++%7D%0A++++++Group+By+%3Fvendor%0A++++%7D%0A++%7D%0A++Order+by+desc%28xsd%3Afloat%28%3FbelowAvg%29%2F%3FofferCount%29+%3Fvendor%0A++limit+10%0A
Connection refused
